<?xml version="1.0" encoding="UTF-8"?>
<!-- Generated by org.testng.reporters.JUnitReportReporter -->
<testsuite skipped="0" hostname="LAPTOP-P1ES3H53" name="crmTest.LoginTest" tests="2" failures="0" timestamp="2020-08-15T13:01:07 EDT" time="20.468" errors="0">
  <testcase name="logInTest1" time="8.520" classname="crmTest.LoginTest"/>
  <system-out/>
  <testcase name="addCustomersTest" time="11.948" classname="crmTest.LoginTest"/>
  <system-out/>
</testsuite> <!-- crmTest.LoginTest -->
